This file contains any messages produced by compilers while
running configure, to aid debugging if configure makes a mistake.

It was created by configure, which was
generated by GNU Autoconf 2.61.  Invocation command line was

  $ ./configure 

## --------- ##
## Platform. ##
## --------- ##

hostname = winter
uname -m = x86_64
uname -r = 5.3.0-46-generic
uname -s = Linux
uname -v = #38~18.04.1-Ubuntu SMP Tue Mar 31 04:17:56 UTC 2020

/usr/bin/uname -p = unknown
/bin/uname -X     = unknown

/bin/arch              = unknown
/usr/bin/arch -k       = unknown
/usr/convex/getsysinfo = unknown
/usr/bin/hostinfo      = unknown
/bin/machine           = unknown
/usr/bin/oslevel       = unknown
/bin/universe          = unknown

PATH: .
PATH: /home/balaji/.opam/with-coq/bin
PATH: .
PATH: .
PATH: .
PATH: .
PATH: .
PATH: .
PATH: .
PATH: .
PATH: .
PATH: .
PATH: .
PATH: .
PATH: .
PATH: .
PATH: .
PATH: .
PATH: .
PATH: .
PATH: .
PATH: .
PATH: .
PATH: .
PATH: .
PATH: .
PATH: .
PATH: .
PATH: .
PATH: .
PATH: .
PATH: /opt/go/bin
PATH: /home/balaji/workplace/gohome//bin
PATH: /snap/bin
PATH: /home/balaji/.cargo/bin
PATH: /home/balaji/.vscode-server/bin/ff915844119ce9485abfe8aa9076ec76b5300ddd/bin
PATH: /home/balaji/.opam/with-coq/bin
PATH: /home/balaji/.vscode-server/bin/ff915844119ce9485abfe8aa9076ec76b5300ddd/bin
PATH: /home/balaji/.opam/with-coq/bin
PATH: /usr/local/sbin
PATH: /usr/local/bin
PATH: /usr/sbin
PATH: /usr/bin
PATH: /sbin
PATH: /bin
PATH: /usr/games
PATH: /usr/local/games
PATH: /opt/sgxsdk/bin
PATH: /opt/sgxsdk/bin/x64
PATH: /opt/sgxsdk/bin
PATH: /opt/sgxsdk/bin/x64
PATH: /opt/sgxsdk/bin
PATH: /opt/sgxsdk/bin/x64


## ----------- ##
## Core tests. ##
## ----------- ##

configure:1928: checking for a BSD-compatible install
configure:1984: result: /usr/bin/install -c
configure:1995: checking whether build environment is sane
configure:2038: result: yes
configure:2053: checking whether make sets $(MAKE)
configure:2074: result: yes
configure:2106: checking for working aclocal-1.4
configure:2117: result: missing
configure:2121: checking for working autoconf
configure:2128: result: found
configure:2136: checking for working automake-1.4
configure:2147: result: missing
configure:2151: checking for working autoheader
configure:2158: result: found
configure:2166: checking for working makeinfo
configure:2173: result: found
configure:2231: checking for gcc
configure:2247: found /usr/bin/gcc
configure:2258: result: gcc
configure:2496: checking for C compiler version
configure:2503: gcc --version >&5
gcc (Ubuntu 7.5.0-3ubuntu1~18.04) 7.5.0
Copyright (C) 2017 Free Software Foundation, Inc.
This is free software; see the source for copying conditions.  There is NO
warranty; not even for MERCHANTABILITY or FITNESS FOR A PARTICULAR PURPOSE.

configure:2506: $? = 0
configure:2513: gcc -v >&5
Using built-in specs.
COLLECT_GCC=gcc
COLLECT_LTO_WRAPPER=/usr/lib/gcc/x86_64-linux-gnu/7/lto-wrapper
OFFLOAD_TARGET_NAMES=nvptx-none
OFFLOAD_TARGET_DEFAULT=1
Target: x86_64-linux-gnu
Configured with: ../src/configure -v --with-pkgversion='Ubuntu 7.5.0-3ubuntu1~18.04' --with-bugurl=file:///usr/share/doc/gcc-7/README.Bugs --enable-languages=c,ada,c++,go,brig,d,fortran,objc,obj-c++ --prefix=/usr --with-gcc-major-version-only --program-suffix=-7 --program-prefix=x86_64-linux-gnu- --enable-shared --enable-linker-build-id --libexecdir=/usr/lib --without-included-gettext --enable-threads=posix --libdir=/usr/lib --enable-nls --enable-bootstrap --enable-clocale=gnu --enable-libstdcxx-debug --enable-libstdcxx-time=yes --with-default-libstdcxx-abi=new --enable-gnu-unique-object --disable-vtable-verify --enable-libmpx --enable-plugin --enable-default-pie --with-system-zlib --with-target-system-zlib --enable-objc-gc=auto --enable-multiarch --disable-werror --with-arch-32=i686 --with-abi=m64 --with-multilib-list=m32,m64,mx32 --enable-multilib --with-tune=generic --enable-offload-targets=nvptx-none --without-cuda-driver --enable-checking=release --build=x86_64-linux-gnu --host=x86_64-linux-gnu --target=x86_64-linux-gnu
Thread model: posix
gcc version 7.5.0 (Ubuntu 7.5.0-3ubuntu1~18.04) 
configure:2516: $? = 0
configure:2523: gcc -V >&5
gcc: error: unrecognized command line option '-V'
gcc: fatal error: no input files
compilation terminated.
configure:2526: $? = 1
configure:2549: checking for C compiler default output file name
configure:2576: gcc    conftest.c  >&5
configure:2579: $? = 0
configure:2617: result: a.out
configure:2634: checking whether the C compiler works
configure:2644: ./a.out
configure:2647: $? = 0
configure:2664: result: yes
configure:2671: checking whether we are cross compiling
configure:2673: result: no
configure:2676: checking for suffix of executables
configure:2683: gcc -o conftest    conftest.c  >&5
configure:2686: $? = 0
configure:2710: result: 
configure:2716: checking for suffix of object files
configure:2742: gcc -c   conftest.c >&5
configure:2745: $? = 0
configure:2768: result: o
configure:2772: checking whether we are using the GNU C compiler
configure:2801: gcc -c   conftest.c >&5
configure:2807: $? = 0
configure:2824: result: yes
configure:2829: checking whether gcc accepts -g
configure:2859: gcc -c -g  conftest.c >&5
configure:2865: $? = 0
configure:2964: result: yes
configure:2981: checking for gcc option to accept ISO C89
configure:3055: gcc  -c -g -O2  conftest.c >&5
configure:3061: $? = 0
configure:3084: result: none needed
configure:3174: checking build system type
configure:3192: result: x86_64-unknown-linux-gnu
configure:3214: checking host system type
configure:3229: result: x86_64-unknown-linux-gnu
configure:3273: checking for ld used by GCC
configure:3336: result: /usr/bin/ld
configure:3345: checking if the linker (/usr/bin/ld) is GNU ld
GNU ld (GNU Binutils for Ubuntu) 2.30
configure:3357: result: yes
configure:3362: checking for /usr/bin/ld option to reload object files
configure:3369: result: -r
configure:3374: checking for BSD-compatible nm
configure:3410: result: /usr/bin/nm -B
configure:3413: checking for a sed that does not truncate output
configure:3495: result: /bin/sed
configure:3498: checking whether ln -s works
configure:3502: result: yes
configure:3509: checking how to recognise dependent libraries
configure:3690: result: pass_all
configure:3703: checking command to parse /usr/bin/nm -B output
configure:3787: gcc -c -g -O2  conftest.c >&5
configure:3790: $? = 0
configure:3794: /usr/bin/nm -B conftest.o \| sed -n -e 's/^.*[ 	]\([ABCDGISTW][ABCDGISTW]*\)[ 	][ 	]*\(\)\([_A-Za-z][_A-Za-z0-9]*\)$/\1 \2\3 \3/p' \> conftest.nm
configure:3797: $? = 0
configure:3849: gcc -o conftest -g -O2   conftest.c conftstm.o >&5
configure:3852: $? = 0
configure:3896: result: ok
configure:3905: checking how to run the C preprocessor
configure:3945: gcc -E  conftest.c
configure:3951: $? = 0
configure:3982: gcc -E  conftest.c
conftest.c:10:10: fatal error: ac_nonexistent.h: No such file or directory
 #include <ac_nonexistent.h>
          ^~~~~~~~~~~~~~~~~~
compilation terminated.
configure:3988: $? = 1
configure: failed program was:
| /* confdefs.h.  */
| #define PACKAGE_NAME ""
| #define PACKAGE_TARNAME ""
| #define PACKAGE_VERSION ""
| #define PACKAGE_STRING ""
| #define PACKAGE_BUGREPORT ""
| #define PACKAGE "TC"
| #define VERSION "1.0"
| /* end confdefs.h.  */
| #include <ac_nonexistent.h>
configure:4021: result: gcc -E
configure:4050: gcc -E  conftest.c
configure:4056: $? = 0
configure:4087: gcc -E  conftest.c
conftest.c:10:10: fatal error: ac_nonexistent.h: No such file or directory
 #include <ac_nonexistent.h>
          ^~~~~~~~~~~~~~~~~~
compilation terminated.
configure:4093: $? = 1
configure: failed program was:
| /* confdefs.h.  */
| #define PACKAGE_NAME ""
| #define PACKAGE_TARNAME ""
| #define PACKAGE_VERSION ""
| #define PACKAGE_STRING ""
| #define PACKAGE_BUGREPORT ""
| #define PACKAGE "TC"
| #define VERSION "1.0"
| /* end confdefs.h.  */
| #include <ac_nonexistent.h>
configure:4131: checking for grep that handles long lines and -e
configure:4205: result: /bin/grep
configure:4210: checking for egrep
configure:4288: result: /bin/grep -E
configure:4293: checking for ANSI C header files
configure:4323: gcc -c -g -O2  conftest.c >&5
configure:4329: $? = 0
configure:4428: gcc -o conftest -g -O2   conftest.c  >&5
configure:4431: $? = 0
configure:4437: ./conftest
configure:4440: $? = 0
configure:4457: result: yes
configure:4481: checking for sys/types.h
configure:4502: gcc -c -g -O2  conftest.c >&5
configure:4508: $? = 0
configure:4524: result: yes
configure:4481: checking for sys/stat.h
configure:4502: gcc -c -g -O2  conftest.c >&5
configure:4508: $? = 0
configure:4524: result: yes
configure:4481: checking for stdlib.h
configure:4502: gcc -c -g -O2  conftest.c >&5
configure:4508: $? = 0
configure:4524: result: yes
configure:4481: checking for string.h
configure:4502: gcc -c -g -O2  conftest.c >&5
configure:4508: $? = 0
configure:4524: result: yes
configure:4481: checking for memory.h
configure:4502: gcc -c -g -O2  conftest.c >&5
configure:4508: $? = 0
configure:4524: result: yes
configure:4481: checking for strings.h
configure:4502: gcc -c -g -O2  conftest.c >&5
configure:4508: $? = 0
configure:4524: result: yes
configure:4481: checking for inttypes.h
configure:4502: gcc -c -g -O2  conftest.c >&5
configure:4508: $? = 0
configure:4524: result: yes
configure:4481: checking for stdint.h
configure:4502: gcc -c -g -O2  conftest.c >&5
configure:4508: $? = 0
configure:4524: result: yes
configure:4481: checking for unistd.h
configure:4502: gcc -c -g -O2  conftest.c >&5
configure:4508: $? = 0
configure:4524: result: yes
configure:4551: checking dlfcn.h usability
configure:4568: gcc -c -g -O2  conftest.c >&5
configure:4574: $? = 0
configure:4588: result: yes
configure:4592: checking dlfcn.h presence
configure:4607: gcc -E  conftest.c
configure:4613: $? = 0
configure:4627: result: yes
configure:4655: checking for dlfcn.h
configure:4663: result: yes
configure:4863: checking for ranlib
configure:4879: found /usr/bin/ranlib
configure:4890: result: ranlib
configure:4959: checking for strip
configure:4975: found /usr/bin/strip
configure:4986: result: strip
configure:5053: gcc -c -g -O2  conftest.c >&5
configure:5056: $? = 0
configure:5234: checking for objdir
configure:5245: result: .libs
configure:5262: checking for gcc option to produce PIC
configure:5408: result: -fPIC
configure:5412: checking if gcc PIC flag -fPIC works
configure:5440: gcc -c -g -O2 -fPIC -DPIC  conftest.c >&5
configure:5446: $? = 0
configure:5488: result: yes
configure:5504: checking if gcc static flag -static works
configure:5533: gcc -o conftest -g -O2   -static conftest.c  >&5
configure:5539: $? = 0
configure:5562: result: yes
configure:5574: checking if gcc supports -c -o file.o
configure:5594: gcc -c -g -O2 -o out/conftest2.o  conftest.c >&5
configure:5618: result: yes
configure:5623: checking if gcc supports -c -o file.lo
configure:5655: gcc -c -g -O2 -c -o conftest.lo  conftest.c >&5
configure:5661: $? = 0
configure:5688: result: yes
configure:5719: checking if gcc supports -fno-rtti -fno-exceptions
configure:5746: gcc -c -g -O2 -fno-rtti -fno-exceptions -c conftest.c  conftest.c >&5
cc1: warning: command line option '-fno-rtti' is valid for C++/ObjC++ but not for C
cc1: warning: command line option '-fno-rtti' is valid for C++/ObjC++ but not for C
configure:5752: $? = 0
configure:5774: result: no
configure:5785: checking whether the linker (/usr/bin/ld) supports shared libraries
configure:6480: result: yes
configure:6485: checking how to hardcode library paths into programs
configure:6509: result: immediate
configure:6514: checking whether stripping libraries is possible
configure:6519: result: yes
configure:6530: checking dynamic linker characteristics
configure:6798: gcc -c -g -O2  conftest.c >&5
configure:6801: $? = 0
configure:6968: result: GNU/Linux ld.so
configure:6973: checking if libtool supports shared libraries
configure:6975: result: yes
configure:6978: checking whether to build shared libraries
configure:6999: result: yes
configure:7002: checking whether to build static libraries
configure:7006: result: yes
configure:7726: checking whether -lc should be explicitly linked in
configure:7734: gcc -c -g -O2  conftest.c >&5
configure:7737: $? = 0
configure:7751: gcc -shared conftest.o  -v -Wl,-soname -Wl,conftest -o conftest 2\>\&1 \| grep  -lc  \>/dev/null 2\>\&1
configure:7754: $? = 0
configure:7767: result: no
configure:8342: checking for BN_add in -lcrypto
configure:8377: gcc -o conftest -g -O2   conftest.c -lcrypto   >&5
configure:8383: $? = 0
configure:8401: result: yes
configure:8415: checking for ANSI C header files
configure:8579: result: yes
configure:8607: checking stdio.h usability
configure:8624: gcc -c -g -O2  conftest.c >&5
configure:8630: $? = 0
configure:8644: result: yes
configure:8648: checking stdio.h presence
configure:8663: gcc -E  conftest.c
configure:8669: $? = 0
configure:8683: result: yes
configure:8711: checking for stdio.h
configure:8719: result: yes
configure:8607: checking openssl/bn.h usability
configure:8624: gcc -c -g -O2  conftest.c >&5
configure:8630: $? = 0
configure:8644: result: yes
configure:8648: checking openssl/bn.h presence
configure:8663: gcc -E  conftest.c
configure:8669: $? = 0
configure:8683: result: yes
configure:8711: checking for openssl/bn.h
configure:8719: result: yes
configure:8607: checking openssl/evp.h usability
configure:8624: gcc -c -g -O2  conftest.c >&5
configure:8630: $? = 0
configure:8644: result: yes
configure:8648: checking openssl/evp.h presence
configure:8663: gcc -E  conftest.c
configure:8669: $? = 0
configure:8683: result: yes
configure:8711: checking for openssl/evp.h
configure:8719: result: yes
configure:8597: checking for unistd.h
configure:8603: result: yes
configure:8733: checking for an ANSI C-conforming const
configure:8808: gcc -c -g -O2  conftest.c >&5
configure:8814: $? = 0
configure:8829: result: yes
configure:8943: creating ./config.status

## ---------------------- ##
## Running config.status. ##
## ---------------------- ##

This file was extended by config.status, which was
generated by GNU Autoconf 2.61.  Invocation command line was

  CONFIG_FILES    = 
  CONFIG_HEADERS  = 
  CONFIG_LINKS    = 
  CONFIG_COMMANDS = 
  $ ./config.status 

on winter

config.status:627: creating Makefile
config.status:762: WARNING:  Makefile.in seems to ignore the --datarootdir setting
config.status:627: creating config.h
config.status:854: config.h is unchanged
config.status:867: executing default-1 commands

## ---------------- ##
## Cache variables. ##
## ---------------- ##

ac_cv_build=x86_64-unknown-linux-gnu
ac_cv_c_compiler_gnu=yes
ac_cv_c_const=yes
ac_cv_env_CC_set=
ac_cv_env_CC_value=
ac_cv_env_CFLAGS_set=
ac_cv_env_CFLAGS_value=
ac_cv_env_CPPFLAGS_set=
ac_cv_env_CPPFLAGS_value=
ac_cv_env_CPP_set=
ac_cv_env_CPP_value=
ac_cv_env_LDFLAGS_set=
ac_cv_env_LDFLAGS_value=
ac_cv_env_LIBS_set=
ac_cv_env_LIBS_value=
ac_cv_env_build_alias_set=
ac_cv_env_build_alias_value=
ac_cv_env_host_alias_set=
ac_cv_env_host_alias_value=
ac_cv_env_target_alias_set=
ac_cv_env_target_alias_value=
ac_cv_header_dlfcn_h=yes
ac_cv_header_inttypes_h=yes
ac_cv_header_memory_h=yes
ac_cv_header_openssl_bn_h=yes
ac_cv_header_openssl_evp_h=yes
ac_cv_header_stdc=yes
ac_cv_header_stdint_h=yes
ac_cv_header_stdio_h=yes
ac_cv_header_stdlib_h=yes
ac_cv_header_string_h=yes
ac_cv_header_strings_h=yes
ac_cv_header_sys_stat_h=yes
ac_cv_header_sys_types_h=yes
ac_cv_header_unistd_h=yes
ac_cv_host=x86_64-unknown-linux-gnu
ac_cv_lib_crypto_BN_add=yes
ac_cv_objext=o
ac_cv_path_EGREP='/bin/grep -E'
ac_cv_path_GREP=/bin/grep
ac_cv_path_install='/usr/bin/install -c'
ac_cv_prog_CPP='gcc -E'
ac_cv_prog_ac_ct_CC=gcc
ac_cv_prog_ac_ct_RANLIB=ranlib
ac_cv_prog_ac_ct_STRIP=strip
ac_cv_prog_cc_c89=
ac_cv_prog_cc_g=yes
ac_cv_prog_make_make_set=yes
lt_cv_archive_cmds_need_lc=no
lt_cv_cc_64bit_output=yes
lt_cv_compiler_c_o=yes
lt_cv_compiler_o_lo=yes
lt_cv_deplibs_check_method=pass_all
lt_cv_file_magic_cmd='$MAGIC_CMD'
lt_cv_file_magic_test_file='/lib/libc.so* /lib/libc-*.so'
lt_cv_global_symbol_to_c_name_address='sed -n -e '\''s/^: \([^ ]*\) $/  {\"\1\", (lt_ptr) 0},/p'\'' -e '\''s/^[BCDEGRST] \([^ ]*\) \([^ ]*\)$/  {"\2", (lt_ptr) \&\2},/p'\'''
lt_cv_global_symbol_to_cdecl='sed -n -e '\''s/^. .* \(.*\)$/extern char \1;/p'\'''
lt_cv_ld_reload_flag=-r
lt_cv_path_LD=/usr/bin/ld
lt_cv_path_NM='/usr/bin/nm -B'
lt_cv_path_SED=/bin/sed
lt_cv_prog_cc_can_build_shared=yes
lt_cv_prog_cc_no_builtin=
lt_cv_prog_cc_pic=' -fPIC'
lt_cv_prog_cc_pic_works=yes
lt_cv_prog_cc_shlib=
lt_cv_prog_cc_static=-static
lt_cv_prog_cc_static_works=yes
lt_cv_prog_cc_wl=-Wl,
lt_cv_prog_gnu_ld=yes
lt_cv_sys_global_symbol_pipe='sed -n -e '\''s/^.*[ 	]\([ABCDGISTW][ABCDGISTW]*\)[ 	][ 	]*\(\)\([_A-Za-z][_A-Za-z0-9]*\)$/\1 \2\3 \3/p'\'''

## ----------------- ##
## Output variables. ##
## ----------------- ##

ACLOCAL='/home/balaji/workplace/Steward/OpenTC-1.1/TC-lib-1.0/missing aclocal-1.4'
AUTOCONF='autoconf'
AUTOHEADER='autoheader'
AUTOMAKE='/home/balaji/workplace/Steward/OpenTC-1.1/TC-lib-1.0/missing automake-1.4'
CC='gcc'
CFLAGS='-g -O2'
CPP='gcc -E'
CPPFLAGS=''
DEFS='-DHAVE_CONFIG_H'
ECHO='echo'
ECHO_C=''
ECHO_N='-n'
ECHO_T=''
EGREP='/bin/grep -E'
EXEEXT=''
GREP='/bin/grep'
INSTALL_DATA='${INSTALL} -m 644'
INSTALL_PROGRAM='${INSTALL}'
INSTALL_SCRIPT='${INSTALL}'
LDFLAGS=''
LIBOBJS=''
LIBS='-lcrypto '
LIBTOOL='$(SHELL) $(top_builddir)/libtool'
LN_S='ln -s'
LTLIBOBJS=''
MAKEINFO='makeinfo'
OBJEXT='o'
PACKAGE='TC'
PACKAGE_BUGREPORT=''
PACKAGE_NAME=''
PACKAGE_STRING=''
PACKAGE_TARNAME=''
PACKAGE_VERSION=''
PATH_SEPARATOR=':'
RANLIB='ranlib'
SET_MAKE=''
SHELL='/bin/bash'
STRIP='strip'
VERSION='1.0'
ac_ct_CC='gcc'
bindir='${exec_prefix}/bin'
build='x86_64-unknown-linux-gnu'
build_alias=''
build_cpu='x86_64'
build_os='linux-gnu'
build_vendor='unknown'
datadir='${datarootdir}'
datarootdir='${prefix}/share'
docdir='${datarootdir}/doc/${PACKAGE}'
dvidir='${docdir}'
exec_prefix='${prefix}'
host='x86_64-unknown-linux-gnu'
host_alias=''
host_cpu='x86_64'
host_os='linux-gnu'
host_vendor='unknown'
htmldir='${docdir}'
includedir='${prefix}/include'
infodir='${datarootdir}/info'
libdir='${exec_prefix}/lib'
libexecdir='${exec_prefix}/libexec'
localedir='${datarootdir}/locale'
localstatedir='${prefix}/var'
mandir='${datarootdir}/man'
oldincludedir='/usr/include'
pdfdir='${docdir}'
prefix='/usr/local'
program_transform_name='s,x,x,'
psdir='${docdir}'
sbindir='${exec_prefix}/sbin'
sharedstatedir='${prefix}/com'
sysconfdir='${prefix}/etc'
target_alias=''

## ----------- ##
## confdefs.h. ##
## ----------- ##

#define PACKAGE_NAME ""
#define PACKAGE_TARNAME ""
#define PACKAGE_VERSION ""
#define PACKAGE_STRING ""
#define PACKAGE_BUGREPORT ""
#define PACKAGE "TC"
#define VERSION "1.0"
#define STDC_HEADERS 1
#define HAVE_SYS_TYPES_H 1
#define HAVE_SYS_STAT_H 1
#define HAVE_STDLIB_H 1
#define HAVE_STRING_H 1
#define HAVE_MEMORY_H 1
#define HAVE_STRINGS_H 1
#define HAVE_INTTYPES_H 1
#define HAVE_STDINT_H 1
#define HAVE_UNISTD_H 1
#define HAVE_DLFCN_H 1
#define HAVE_LIBCRYPTO 1
#define STDC_HEADERS 1
#define HAVE_STDIO_H 1
#define HAVE_OPENSSL_BN_H 1
#define HAVE_OPENSSL_EVP_H 1
#define HAVE_UNISTD_H 1

configure: exit 0
